<?xml version="1.0" encoding="UTF-8"?>
<testng-results ignored="0" total="1" passed="1" failed="0" skipped="0">
  <reporter-output>
  </reporter-output>
  <suite started-at="2023-08-13T02:33:05 IST" name="Default suite" finished-at="2023-08-13T02:33:08 IST" duration-ms="3158">
    <groups>
    </groups>
    <test started-at="2023-08-13T02:33:05 IST" name="Default test" finished-at="2023-08-13T02:33:08 IST" duration-ms="3158">
      <class name="api.test.UserTests">
        <test-method is-config="true" signature="setupData()[pri:0, instance:api.test.UserTests@1623b78d]" started-at="2023-08-13T02:33:05 IST" name="setupData" finished-at="2023-08-13T02:33:05 IST" duration-ms="48" status="PASS">
          <reporter-output>
          </reporter-output>
        </test-method> <!-- setupData -->
        <test-method signature="testGetUserByName()[pri:1, instance:api.test.UserTests@1623b78d]" started-at="2023-08-13T02:33:05 IST" name="testGetUserByName" finished-at="2023-08-13T02:33:08 IST" duration-ms="3074" status="PASS">
          <reporter-output>
          </reporter-output>
        </test-method> <!-- testGetUserByName -->
      </class> <!-- api.test.UserTests -->
    </test> <!-- Default test -->
  </suite> <!-- Default suite -->
</testng-results>
